<?xml version="1.0" encoding="UTF-8"?>
<!-- Generated by org.testng.reporters.JUnitReportReporter -->
<testsuite hostname="Air-MayyaKatts.fritz.box" failures="0" tests="1" name="com.ait.demoqa.tests.bookStore.LoginPageTests" time="22.483" errors="0" timestamp="2023-10-15T00:50:07 EEST" skipped="0">
  <testcase classname="com.ait.demoqa.tests.bookStore.LoginPageTests" name="loginPositiveTest" time="22.483"/>
</testsuite> <!-- com.ait.demoqa.tests.bookStore.LoginPageTests -->
